{
  "stats": {
    "suites": 1,
    "tests": 1,
    "passes": 1,
    "pending": 0,
    "failures": 0,
    "start": "2022-10-30T04:24:07.964Z",
    "end": "2022-10-30T04:24:19.026Z",
    "duration": 11062,
    "testsRegistered": 1,
    "passPercent": 100,
    "pendingPercent": 0,
    "other": 0,
    "hasOther": false,
    "skipped": 0,
    "hasSkipped": false
  },
  "results": [
    {
      "uuid": "a1aa2a89-44fd-4ea6-863b-9c70318dafc1",
      "title": "",
      "fullFile": "cypress\\e2e\\datadriven.cy.ts",
      "file": "cypress\\e2e\\datadriven.cy.ts",
      "beforeHooks": [],
      "afterHooks": [],
      "tests": [],
      "suites": [
        {
          "uuid": "402057ab-8b04-463a-82aa-d76633d4cdd0",
          "title": "Handling datadriven",
          "fullFile": "",
          "file": "",
          "beforeHooks": [],
          "afterHooks": [],
          "tests": [
            {
              "title": "datadriven test",
              "fullTitle": "Handling datadriven datadriven test",
              "timedOut": null,
              "duration": 7623,
              "state": "passed",
              "speed": "medium",
              "pass": true,
              "fail": false,
              "pending": false,
              "context": null,
              "code": "cy.visit(\"https://rahulshettyacademy.com/angularpractice/\");\n//cy.get('input[name=\"name\"]:nth-child(2)').type('Aadhya Kasu')\n//cy.get('select').select('Female')\n//using fixture (datadriven)\ncy.get('input[name=\"name\"]:nth-child(2)').type(data.name);\ncy.get('select').select(data.gender);\ncy.get(':nth-child(4) > .ng-untouched').should('have.value', data.name);\ncy.get('input[name=\"name\"]:nth-child(2)').should('have.attr', 'minlength', 2);\ncy.get('#inlineRadio3').should('be.disabled');\ncy.get(':nth-child(2) > .nav-link').click();\n/*cy.get('h4.card-title').each(($element,index,$list)=>{\n    if($element.text().includes('Blackberry')){\n        cy.get('button.btn.btn-info').eq(index).click()\n    }\n})*/\n//cy.selectProduct('Blackberry')\ndata.productName.forEach((element) => {\n    cy.selectProduct(element);\n});",
              "err": {},
              "uuid": "3af86955-c278-42ae-af0b-1c6c7016cffb",
              "parentUUID": "402057ab-8b04-463a-82aa-d76633d4cdd0",
              "isHook": false,
              "skipped": false
            }
          ],
          "suites": [],
          "passes": [
            "3af86955-c278-42ae-af0b-1c6c7016cffb"
          ],
          "failures": [],
          "pending": [],
          "skipped": [],
          "duration": 7623,
          "root": false,
          "rootEmpty": false,
          "_timeout": 2000
        }
      ],
      "passes": [],
      "failures": [],
      "pending": [],
      "skipped": [],
      "duration": 0,
      "root": true,
      "rootEmpty": true,
      "_timeout": 2000
    }
  ],
  "meta": {
    "mocha": {
      "version": "7.0.1"
    },
    "mochawesome": {
      "options": {
        "quiet": false,
        "reportFilename": "mochawesome",
        "saveHtml": false,
        "saveJson": true,
        "consoleReporter": "spec",
        "useInlineDiffs": false,
        "code": true
      },
      "version": "7.1.3"
    },
    "marge": {
      "options": {
        "charts": true,
        "overwrite": false,
        "html": false,
        "json": true,
        "reportDir": "mochawesome-report"
      },
      "version": "6.2.0"
    }
  }
}